********************************************************************************
DUPLICATOR-LITE PACKAGE-LOG: May 16, 2018 12:54 pm
NOTICE: Do NOT post to public sites or forums 
********************************************************************************
VERSION:	1.2.36
WORDPRESS:	4.9.5
PHP INFO:	7.2.1 | SAPI: apache2handler
SERVER:		Apache/2.4.29 (Win32) OpenSSL/1.1.0g PHP/7.2.1 
PHP TIME LIMIT: (0) no time limit imposed 
PHP MAX MEMORY: 2048M (128M default) 
MEMORY STACK: 16MB 

********************************************************************************
DATABASE:
********************************************************************************
BUILD MODE:   MYSQLDUMP
MYSQLTIMEOUT: 5000
MYSQLDUMP:    Is Supported 
FILTERED: [] 
RESPONSE: Ran from C:/xampp/mysql/bin/mysqldump.exe 
TABLES: total:20 | filtered:0 | create:20 
SQL CREATED: 20180516_shrirampillar_bbdbcedd973abd1c8170180516125425_database.sql 
SQL FILE SIZE: 1.35MB (1410891) 
SQL FILE TIME: 2018-05-16 12:54:38 
SQL RUNTIME: 0.99 sec. 

******************************************************************************** 
ARCHIVE (ZIP): 
******************************************************************************** 
ARCHIVE DIR:  C:/xampp/htdocs/shriram-pillar-page 
ARCHIVE FILE: 20180516_shrirampillar_bbdbcedd973abd1c8170180516125425_archive.zip 
FILTERS: *OFF* 
DIRS:
	not set 
FILES:
	not set 
EXTS:  not set 
---------------------------------------- 
COMPRESSING 
SIZE:	58.19MB 
STATS:	Dirs 326 | Files 2,699 
SQL ADDED: 20180516_shrirampillar_bbdbcedd973abd1c8170180516125425_database.sql 
ZipArchive Object
(
    [status] => 0
    [statusSys] => 0
    [numFiles] => 3025
    [filename] => C:\xampp\htdocs\shriram-pillar-page\wp-snapshots\tmp\20180516_shrirampillar_bbdbcedd973abd1c8170180516125425_archive.zip
    [comment] => 
)
 
COMPRESSION RESULT: '1' 
COMPRESSED SIZE: 21.1MB 
ARCHIVE RUNTIME: 38.10 sec. 
MEMORY STACK: 16MB 

******************************************************************************** 
MAKE INSTALLER: 
******************************************************************************** 
Build Start 
Build Finished 
Preping for use 
PACK SIZE:  
Template parsed with new data 
Complete [C:/xampp/htdocs/shriram-pillar-page/wp-snapshots/tmp/20180516_shrirampillar_bbdbcedd973abd1c8170180516125425_installer.php] 
Added to archive 

******************************************************************************** 
INTEGRITY CHECKS: 
******************************************************************************** 
SQL File: 1.35MB 
Installer File: 445.92KB 
Archive File: 21.1MB  

********************************************************************************
RECORD ID:[1]
TOTAL PROCESS RUNTIME: 40.63 sec.
PEAK PHP MEMORY USED: 18MB
DONE PROCESSING => 20180516_shrirampillar May 16, 2018 12:55 pm
 
